[0.092s] Invoking command in '/home/wenda/powerarm_ws/build/powerarm': CMAKE_PREFIX_PATH=${CMAKE_PREFIX_PATH}:/opt/ros/humble /usr/bin/cmake --build /home/wenda/powerarm_ws/build/powerarm -- -j16 -l16
[0.133s] [35m[1mConsolidate compiler generated dependencies of target powerarm_state[0m
[0.154s] [ 50%] [32mBuilding CXX object CMakeFiles/powerarm_state.dir/src/powerarm_state.cpp.o[0m
[5.249s] [01m[K/home/wenda/powerarm_ws/src/powerarm/src/powerarm_state.cpp:[m[K In function â€˜[01m[Kint main(int, char**)[m[Kâ€™:
[5.249s] [01m[K/home/wenda/powerarm_ws/src/powerarm/src/powerarm_state.cpp:37:44:[m[K [01;31m[Kerror: [m[Kâ€˜[01m[Kkinematics_yaml_path[m[Kâ€™ was not declared in this scope; did you mean â€˜[01m[Kkinematics_yaml_file[m[Kâ€™?
[5.249s]    37 |         std::ifstream kinematics_yaml_file([01;31m[Kkinematics_yaml_path[m[K);
[5.249s]       |                                            [01;31m[K^~~~~~~~~~~~~~~~~~~~[m[K
[5.249s]       |                                            [32m[Kkinematics_yaml_file[m[K
[7.949s] gmake[2]: *** [CMakeFiles/powerarm_state.dir/build.make:76: CMakeFiles/powerarm_state.dir/src/powerarm_state.cpp.o] Error 1
[7.949s] gmake[1]: *** [CMakeFiles/Makefile2:137: CMakeFiles/powerarm_state.dir/all] Error 2
[7.950s] gmake: *** [Makefile:146: all] Error 2
[7.952s] Invoked command in '/home/wenda/powerarm_ws/build/powerarm' returned '2': CMAKE_PREFIX_PATH=${CMAKE_PREFIX_PATH}:/opt/ros/humble /usr/bin/cmake --build /home/wenda/powerarm_ws/build/powerarm -- -j16 -l16
