[0.128s] Invoking command in '/home/wenda/powerarm_ws/build/powerarm': CMAKE_PREFIX_PATH=/home/wenda/powerarm_ws/install/moveit_visual_tools:/home/wenda/powerarm_ws/install/powerarm_moveit_config:/home/wenda/powerarm_ws/install/powerarm_urdf:/home/wenda/powerarm_ws/install/powerarm:/home/wenda/test_ws/install/elite_ec66_moveit_config:/home/wenda/test_ws/install/elite_description:/opt/ros/humble /usr/bin/cmake --build /home/wenda/powerarm_ws/build/powerarm -- -j16 -l16
[0.168s] [35m[1mConsolidate compiler generated dependencies of target powerarm_control_joint_space[0m
[0.189s] [ 50%] [32mBuilding CXX object CMakeFiles/powerarm_control_joint_space.dir/src/powerarm_control_joint_space.cpp.o[0m
[0.783s] [01m[K/home/wenda/powerarm_ws/src/powerarm/src/powerarm_control_joint_space.cpp:13:10:[m[K [01;31m[Kfatal error: [m[Krobot_trajectory.h: No such file or directory
[0.783s]    13 | #include [01;31m[K<robot_trajectory.h>[m[K
[0.783s]       |          [01;31m[K^~~~~~~~~~~~~~~~~~~~[m[K
[0.783s] compilation terminated.
[0.791s] gmake[2]: *** [CMakeFiles/powerarm_control_joint_space.dir/build.make:76: CMakeFiles/powerarm_control_joint_space.dir/src/powerarm_control_joint_space.cpp.o] Error 1
[0.791s] gmake[1]: *** [CMakeFiles/Makefile2:137: CMakeFiles/powerarm_control_joint_space.dir/all] Error 2
[0.792s] gmake: *** [Makefile:146: all] Error 2
[0.794s] Invoked command in '/home/wenda/powerarm_ws/build/powerarm' returned '2': CMAKE_PREFIX_PATH=/home/wenda/powerarm_ws/install/moveit_visual_tools:/home/wenda/powerarm_ws/install/powerarm_moveit_config:/home/wenda/powerarm_ws/install/powerarm_urdf:/home/wenda/powerarm_ws/install/powerarm:/home/wenda/test_ws/install/elite_ec66_moveit_config:/home/wenda/test_ws/install/elite_description:/opt/ros/humble /usr/bin/cmake --build /home/wenda/powerarm_ws/build/powerarm -- -j16 -l16
